<?xml version="1.0" encoding="UTF-8"?>
<testsuite xmlns:xsi="http://www.w3.org/2001/XMLSchema-instance" xsi:noNamespaceSchemaLocation="https://maven.apache.org/surefire/maven-surefire-plugin/xsd/surefire-test-report.xsd" name="feature.TestRunner" time="26.253" tests="1" errors="0" skipped="0" failures="0">
  <properties>
    <property name="sun.desktop" value="windows"/>
    <property name="awt.toolkit" value="sun.awt.windows.WToolkit"/>
    <property name="java.specification.version" value="11"/>
    <property name="sun.cpu.isalist" value="amd64"/>
    <property name="sun.jnu.encoding" value="Cp1252"/>
    <property name="java.class.path" value="C:\Users\T970755\Documents\ExperienceAPITestODS\ExperienceAPITest\target\test-classes;C:\Users\T970755\Documents\ExperienceAPITestODS\ExperienceAPITest\target\classes;C:\Users\T970755\.m2\repository\com\intuit\karate\karate-junit5\1.1.0\karate-junit5-1.1.0.jar;C:\Users\T970755\.m2\repository\com\intuit\karate\karate-core\1.1.0\karate-core-1.1.0.jar;C:\Users\T970755\.m2\repository\org\graalvm\js\js-scriptengine\21.2.0\js-scriptengine-21.2.0.jar;C:\Users\T970755\.m2\repository\org\graalvm\sdk\graal-sdk\21.2.0\graal-sdk-21.2.0.jar;C:\Users\T970755\.m2\repository\org\graalvm\js\js\21.2.0\js-21.2.0.jar;C:\Users\T970755\.m2\repository\org\graalvm\regex\regex\21.2.0\regex-21.2.0.jar;C:\Users\T970755\.m2\repository\org\graalvm\truffle\truffle-api\21.2.0\truffle-api-21.2.0.jar;C:\Users\T970755\.m2\repository\com\ibm\icu\icu4j\69.1\icu4j-69.1.jar;C:\Users\T970755\.m2\repository\ch\qos\logback\logback-classic\1.2.3\logback-classic-1.2.3.jar;C:\Users\T970755\.m2\repository\ch\qos\logback\logback-core\1.2.3\logback-core-1.2.3.jar;C:\Users\T970755\.m2\repository\org\slf4j\jcl-over-slf4j\1.7.25\jcl-over-slf4j-1.7.25.jar;C:\Users\T970755\.m2\repository\com\jayway\jsonpath\json-path\2.6.0\json-path-2.6.0.jar;C:\Users\T970755\.m2\repository\net\minidev\json-smart\2.4.7\json-smart-2.4.7.jar;C:\Users\T970755\.m2\repository\net\minidev\accessors-smart\2.4.7\accessors-smart-2.4.7.jar;C:\Users\T970755\.m2\repository\org\ow2\asm\asm\9.1\asm-9.1.jar;C:\Users\T970755\.m2\repository\info\cukes\cucumber-java\1.2.5\cucumber-java-1.2.5.jar;C:\Users\T970755\.m2\repository\info\cukes\cucumber-core\1.2.5\cucumber-core-1.2.5.jar;C:\Users\T970755\.m2\repository\org\yaml\snakeyaml\1.29\snakeyaml-1.29.jar;C:\Users\T970755\.m2\repository\de\siegmar\fastcsv\2.0.0\fastcsv-2.0.0.jar;C:\Users\T970755\.m2\repository\info\picocli\picocli\4.6.1\picocli-4.6.1.jar;C:\Users\T970755\.m2\repository\org\junit\jupiter\junit-jupiter-api\5.7.2\junit-jupiter-api-5.7.2.jar;C:\Users\T970755\.m2\repository\org\apiguardian\apiguardian-api\1.1.0\apiguardian-api-1.1.0.jar;C:\Users\T970755\.m2\repository\org\opentest4j\opentest4j\1.2.0\opentest4j-1.2.0.jar;C:\Users\T970755\.m2\repository\org\junit\platform\junit-platform-commons\1.7.2\junit-platform-commons-1.7.2.jar;C:\Users\T970755\.m2\repository\org\junit\jupiter\junit-jupiter-engine\5.7.2\junit-jupiter-engine-5.7.2.jar;C:\Users\T970755\.m2\repository\org\junit\platform\junit-platform-engine\1.7.2\junit-platform-engine-1.7.2.jar;C:\Users\T970755\.m2\repository\io\rest-assured\rest-assured\5.3.0\rest-assured-5.3.0.jar;C:\Users\T970755\.m2\repository\org\apache\groovy\groovy\4.0.6\groovy-4.0.6.jar;C:\Users\T970755\.m2\repository\org\apache\groovy\groovy-xml\4.0.6\groovy-xml-4.0.6.jar;C:\Users\T970755\.m2\repository\org\apache\httpcomponents\httpclient\4.5.13\httpclient-4.5.13.jar;C:\Users\T970755\.m2\repository\org\apache\httpcomponents\httpcore\4.4.13\httpcore-4.4.13.jar;C:\Users\T970755\.m2\repository\commons-logging\commons-logging\1.2\commons-logging-1.2.jar;C:\Users\T970755\.m2\repository\commons-codec\commons-codec\1.11\commons-codec-1.11.jar;C:\Users\T970755\.m2\repository\org\apache\httpcomponents\httpmime\4.5.13\httpmime-4.5.13.jar;C:\Users\T970755\.m2\repository\org\ccil\cowan\tagsoup\tagsoup\1.2.1\tagsoup-1.2.1.jar;C:\Users\T970755\.m2\repository\io\rest-assured\json-path\5.3.0\json-path-5.3.0.jar;C:\Users\T970755\.m2\repository\org\apache\groovy\groovy-json\4.0.6\groovy-json-4.0.6.jar;C:\Users\T970755\.m2\repository\io\rest-assured\rest-assured-common\5.3.0\rest-assured-common-5.3.0.jar;C:\Users\T970755\.m2\repository\io\rest-assured\xml-path\5.3.0\xml-path-5.3.0.jar;C:\Users\T970755\.m2\repository\org\hamcrest\hamcrest\2.2\hamcrest-2.2.jar;C:\Users\T970755\.m2\repository\com\intuit\karate\karate-gatling\1.1.0\karate-gatling-1.1.0.jar;C:\Users\T970755\.m2\repository\io\gatling\highcharts\gatling-charts-highcharts\3.6.0\gatling-charts-highcharts-3.6.0.jar;C:\Users\T970755\.m2\repository\org\scala-lang\scala-library\2.13.6\scala-library-2.13.6.jar;C:\Users\T970755\.m2\repository\io\gatling\gatling-app\3.6.0\gatling-app-3.6.0.jar;C:\Users\T970755\.m2\repository\io\gatling\gatling-core\3.6.0\gatling-core-3.6.0.jar;C:\Users\T970755\.m2\repository\io\gatling\gatling-commons\3.6.0\gatling-commons-3.6.0.jar;C:\Users\T970755\.m2\repository\io\gatling\gatling-commons-shared\3.6.0\gatling-commons-shared-3.6.0.jar;C:\Users\T970755\.m2\repository\org\scala-lang\scala-reflect\2.13.6\scala-reflect-2.13.6.jar;C:\Users\T970755\.m2\repository\io\suzaku\boopickle_2.13\1.3.3\boopickle_2.13-1.3.3.jar;C:\Users\T970755\.m2\repository\io\gatling\gatling-commons-shared-unstable\3.6.0\gatling-commons-shared-unstable-3.6.0.jar;C:\Users\T970755\.m2\repository\org\typelevel\spire-macros_2.13\0.17.0\spire-macros_2.13-0.17.0.jar;C:\Users\T970755\.m2\repository\com\typesafe\scala-logging\scala-logging_2.13\3.9.3\scala-logging_2.13-3.9.3.jar;C:\Users\T970755\.m2\repository\io\gatling\gatling-jsonpath\3.6.0\gatling-jsonpath-3.6.0.jar;C:\Users\T970755\.m2\repository\com\typesafe\akka\akka-slf4j_2.13\2.6.14\akka-slf4j_2.13-2.6.14.jar;C:\Users\T970755\.m2\repository\org\simpleflatmapper\lightning-csv\8.2.3\lightning-csv-8.2.3.jar;C:\Users\T970755\.m2\repository\org\simpleflatmapper\sfm-util\8.2.3\sfm-util-8.2.3.jar;C:\Users\T970755\.m2\repository\com\github\ben-manes\caffeine\caffeine\2.9.1\caffeine-2.9.1.jar;C:\Users\T970755\.m2\repository\io\pebbletemplates\pebble\3.1.5\pebble-3.1.5.jar;C:\Users\T970755\.m2\repository\org\unbescape\unbescape\1.1.6.RELEASE\unbescape-1.1.6.RELEASE.jar;C:\Users\T970755\.m2\repository\org\scala-lang\modules\scala-parser-combinators_2.13\2.0.0\scala-parser-combinators_2.13-2.0.0.jar;C:\Users\T970755\.m2\repository\com\github\scopt\scopt_2.13\3.7.1\scopt_2.13-3.7.1.jar;C:\Users\T970755\.m2\repository\io\netty\netty-handler\4.1.64.Final\netty-handler-4.1.64.Final.jar;C:\Users\T970755\.m2\repository\io\netty\netty-common\4.1.64.Final\netty-common-4.1.64.Final.jar;C:\Users\T970755\.m2\repository\io\netty\netty-resolver\4.1.64.Final\netty-resolver-4.1.64.Final.jar;C:\Users\T970755\.m2\repository\io\netty\netty-buffer\4.1.64.Final\netty-buffer-4.1.64.Final.jar;C:\Users\T970755\.m2\repository\io\netty\netty-transport\4.1.64.Final\netty-transport-4.1.64.Final.jar;C:\Users\T970755\.m2\repository\io\netty\netty-codec\4.1.64.Final\netty-codec-4.1.64.Final.jar;C:\Users\T970755\.m2\repository\com\softwaremill\quicklens\quicklens_2.13\1.7.2\quicklens_2.13-1.7.2.jar;C:\Users\T970755\.m2\repository\net\sf\saxon\Saxon-HE\10.5\Saxon-HE-10.5.jar;C:\Users\T970755\.m2\repository\org\jodd\jodd-lagarto\6.0.5\jodd-lagarto-6.0.5.jar;C:\Users\T970755\.m2\repository\org\jodd\jodd-util\6.0.1\jodd-util-6.0.1.jar;C:\Users\T970755\.m2\repository\io\burt\jmespath-jackson\0.5.0\jmespath-jackson-0.5.0.jar;C:\Users\T970755\.m2\repository\io\burt\jmespath-core\0.5.0\jmespath-core-0.5.0.jar;C:\Users\T970755\.m2\repository\io\gatling\gatling-http\3.6.0\gatling-http-3.6.0.jar;C:\Users\T970755\.m2\repository\io\gatling\gatling-http-client\3.6.0\gatling-http-client-3.6.0.jar;C:\Users\T970755\.m2\repository\io\gatling\gatling-netty-util\3.6.0\gatling-netty-util-3.6.0.jar;C:\Users\T970755\.m2\repository\io\netty\netty-handler-proxy\4.1.64.Final\netty-handler-proxy-4.1.64.Final.jar;C:\Users\T970755\.m2\repository\io\netty\netty-codec-socks\4.1.64.Final\netty-codec-socks-4.1.64.Final.jar;C:\Users\T970755\.m2\repository\io\netty\netty-resolver-dns\4.1.64.Final\netty-resolver-dns-4.1.64.Final.jar;C:\Users\T970755\.m2\repository\io\netty\netty-codec-dns\4.1.64.Final\netty-codec-dns-4.1.64.Final.jar;C:\Users\T970755\.m2\repository\io\netty\netty-transport-native-epoll\4.1.64.Final\netty-transport-native-epoll-4.1.64.Final-linux-x86_64.jar;C:\Users\T970755\.m2\repository\io\netty\netty-transport-native-unix-common\4.1.64.Final\netty-transport-native-unix-common-4.1.64.Final.jar;C:\Users\T970755\.m2\repository\io\netty\netty-codec-http2\4.1.64.Final\netty-codec-http2-4.1.64.Final.jar;C:\Users\T970755\.m2\repository\io\netty\netty-tcnative-boringssl-static\2.0.39.Final\netty-tcnative-boringssl-static-2.0.39.Final.jar;C:\Users\T970755\.m2\repository\com\aayushatharva\brotli4j\brotli4j\1.4.2\brotli4j-1.4.2.jar;C:\Users\T970755\.m2\repository\com\aayushatharva\brotli4j\native-linux-x86_64\1.4.2\native-linux-x86_64-1.4.2.jar;C:\Users\T970755\.m2\repository\com\aayushatharva\brotli4j\native-linux-aarch64\1.4.2\native-linux-aarch64-1.4.2.jar;C:\Users\T970755\.m2\repository\com\aayushatharva\brotli4j\native-osx-x86_64\1.4.2\native-osx-x86_64-1.4.2.jar;C:\Users\T970755\.m2\repository\com\aayushatharva\brotli4j\native-windows-x86_64\1.4.2\native-windows-x86_64-1.4.2.jar;C:\Users\T970755\.m2\repository\io\gatling\gatling-jms\3.6.0\gatling-jms-3.6.0.jar;C:\Users\T970755\.m2\repository\javax\jms\javax.jms-api\2.0.1\javax.jms-api-2.0.1.jar;C:\Users\T970755\.m2\repository\com\eatthepath\fast-uuid\0.1\fast-uuid-0.1.jar;C:\Users\T970755\.m2\repository\io\gatling\gatling-jdbc\3.6.0\gatling-jdbc-3.6.0.jar;C:\Users\T970755\.m2\repository\io\gatling\gatling-redis\3.6.0\gatling-redis-3.6.0.jar;C:\Users\T970755\.m2\repository\net\debasishg\redisclient_2.13\3.30\redisclient_2.13-3.30.jar;C:\Users\T970755\.m2\repository\org\apache\commons\commons-pool2\2.8.0\commons-pool2-2.8.0.jar;C:\Users\T970755\.m2\repository\io\gatling\gatling-graphite\3.6.0\gatling-graphite-3.6.0.jar;C:\Users\T970755\.m2\repository\org\hdrhistogram\HdrHistogram\2.1.12\HdrHistogram-2.1.12.jar;C:\Users\T970755\.m2\repository\io\gatling\gatling-charts\3.6.0\gatling-charts-3.6.0.jar;C:\Users\T970755\.m2\repository\com\tdunning\t-digest\3.1\t-digest-3.1.jar;C:\Users\T970755\.m2\repository\io\gatling\gatling-recorder\3.6.0\gatling-recorder-3.6.0.jar;C:\Users\T970755\.m2\repository\org\scala-lang\modules\scala-swing_2.13\3.0.0\scala-swing_2.13-3.0.0.jar;C:\Users\T970755\.m2\repository\org\bouncycastle\bcpkix-jdk15on\1.68\bcpkix-jdk15on-1.68.jar;C:\Users\T970755\.m2\repository\org\bouncycastle\bcprov-jdk15on\1.68\bcprov-jdk15on-1.68.jar;C:\Users\T970755\.m2\repository\com\typesafe\akka\akka-actor_2.13\2.6.14\akka-actor_2.13-2.6.14.jar;C:\Users\T970755\.m2\repository\com\typesafe\config\1.4.0\config-1.4.0.jar;C:\Users\T970755\.m2\repository\org\scala-lang\modules\scala-java8-compat_2.13\0.9.0\scala-java8-compat_2.13-0.9.0.jar;C:\Users\T970755\.m2\repository\com\googlecode\json-simple\json-simple\1.1.1\json-simple-1.1.1.jar;C:\Users\T970755\.m2\repository\junit\junit\4.10\junit-4.10.jar;C:\Users\T970755\.m2\repository\org\hamcrest\hamcrest-core\1.1\hamcrest-core-1.1.jar;C:\Users\T970755\.m2\repository\net\masterthought\cucumber-reporting\5.6.0\cucumber-reporting-5.6.0.jar;C:\Users\T970755\.m2\repository\com\fasterxml\jackson\core\jackson-databind\2.12.1\jackson-databind-2.12.1.jar;C:\Users\T970755\.m2\repository\com\fasterxml\jackson\core\jackson-annotations\2.12.1\jackson-annotations-2.12.1.jar;C:\Users\T970755\.m2\repository\com\fasterxml\jackson\core\jackson-core\2.12.1\jackson-core-2.12.1.jar;C:\Users\T970755\.m2\repository\com\fasterxml\jackson\datatype\jackson-datatype-jsr310\2.12.1\jackson-datatype-jsr310-2.12.1.jar;C:\Users\T970755\.m2\repository\org\apache\velocity\velocity-engine-core\2.3\velocity-engine-core-2.3.jar;C:\Users\T970755\.m2\repository\org\slf4j\slf4j-api\1.7.30\slf4j-api-1.7.30.jar;C:\Users\T970755\.m2\repository\commons-collections\commons-collections\3.2.2\commons-collections-3.2.2.jar;C:\Users\T970755\.m2\repository\joda-time\joda-time\2.10.10\joda-time-2.10.10.jar;C:\Users\T970755\.m2\repository\org\apache\commons\commons-lang3\3.12.0\commons-lang3-3.12.0.jar;C:\Users\T970755\.m2\repository\commons-io\commons-io\2.7\commons-io-2.7.jar;C:\Users\T970755\.m2\repository\org\codehaus\plexus\plexus-utils\3.3.0\plexus-utils-3.3.0.jar;C:\Users\T970755\.m2\repository\org\jsoup\jsoup\1.14.2\jsoup-1.14.2.jar;C:\Users\T970755\.m2\repository\com\google\guava\guava\30.1.1-jre\guava-30.1.1-jre.jar;C:\Users\T970755\.m2\repository\com\google\guava\failureaccess\1.0.1\failureaccess-1.0.1.jar;C:\Users\T970755\.m2\repository\com\google\guava\listenablefuture\9999.0-empty-to-avoid-conflict-with-guava\listenablefuture-9999.0-empty-to-avoid-conflict-with-guava.jar;C:\Users\T970755\.m2\repository\com\google\code\findbugs\jsr305\3.0.2\jsr305-3.0.2.jar;C:\Users\T970755\.m2\repository\org\checkerframework\checker-qual\3.8.0\checker-qual-3.8.0.jar;C:\Users\T970755\.m2\repository\com\google\errorprone\error_prone_annotations\2.5.1\error_prone_annotations-2.5.1.jar;C:\Users\T970755\.m2\repository\com\google\j2objc\j2objc-annotations\1.3\j2objc-annotations-1.3.jar;C:\Users\T970755\.m2\repository\com\googlecode\owasp-java-html-sanitizer\owasp-java-html-sanitizer\20200713.1\owasp-java-html-sanitizer-20200713.1.jar;C:\Users\T970755\.m2\repository\commons-configuration\commons-configuration\1.10\commons-configuration-1.10.jar;C:\Users\T970755\.m2\repository\commons-lang\commons-lang\2.6\commons-lang-2.6.jar;"/>
    <property name="java.vm.vendor" value="Oracle Corporation"/>
    <property name="sun.arch.data.model" value="64"/>
    <property name="karate.env" value="it01"/>
    <property name="user.variant" value=""/>
    <property name="java.vendor.url" value="https://openjdk.java.net/"/>
    <property name="user.timezone" value="America/Vancouver"/>
    <property name="java.vm.specification.version" value="11"/>
    <property name="os.name" value="Windows 10"/>
    <property name="clientSecret" value="3ad8873a-4723-46ba-9989-afaec288f5d104c2d7ff-9d6b-48c1-a9ff-6502d4808fee"/>
    <property name="sun.java.launcher" value="SUN_STANDARD"/>
    <property name="user.country" value="US"/>
    <property name="sun.boot.library.path" value="C:\Program Files\Java\jdk-11\bin"/>
    <property name="sun.java.command" value="C:\Users\T970755\AppData\Local\Temp\surefire2111242312027272409\surefirebooter15033237235118517237.jar C:\Users\T970755\AppData\Local\Temp\surefire2111242312027272409 2024-04-05T10-39-01_494-jvmRun1 surefire14669207889678667363tmp surefire_013165802265685739764tmp"/>
    <property name="jdk.debug" value="release"/>
    <property name="surefire.test.class.path" value="C:\Users\T970755\Documents\ExperienceAPITestODS\ExperienceAPITest\target\test-classes;C:\Users\T970755\Documents\ExperienceAPITestODS\ExperienceAPITest\target\classes;C:\Users\T970755\.m2\repository\com\intuit\karate\karate-junit5\1.1.0\karate-junit5-1.1.0.jar;C:\Users\T970755\.m2\repository\com\intuit\karate\karate-core\1.1.0\karate-core-1.1.0.jar;C:\Users\T970755\.m2\repository\org\graalvm\js\js-scriptengine\21.2.0\js-scriptengine-21.2.0.jar;C:\Users\T970755\.m2\repository\org\graalvm\sdk\graal-sdk\21.2.0\graal-sdk-21.2.0.jar;C:\Users\T970755\.m2\repository\org\graalvm\js\js\21.2.0\js-21.2.0.jar;C:\Users\T970755\.m2\repository\org\graalvm\regex\regex\21.2.0\regex-21.2.0.jar;C:\Users\T970755\.m2\repository\org\graalvm\truffle\truffle-api\21.2.0\truffle-api-21.2.0.jar;C:\Users\T970755\.m2\repository\com\ibm\icu\icu4j\69.1\icu4j-69.1.jar;C:\Users\T970755\.m2\repository\ch\qos\logback\logback-classic\1.2.3\logback-classic-1.2.3.jar;C:\Users\T970755\.m2\repository\ch\qos\logback\logback-core\1.2.3\logback-core-1.2.3.jar;C:\Users\T970755\.m2\repository\org\slf4j\jcl-over-slf4j\1.7.25\jcl-over-slf4j-1.7.25.jar;C:\Users\T970755\.m2\repository\com\jayway\jsonpath\json-path\2.6.0\json-path-2.6.0.jar;C:\Users\T970755\.m2\repository\net\minidev\json-smart\2.4.7\json-smart-2.4.7.jar;C:\Users\T970755\.m2\repository\net\minidev\accessors-smart\2.4.7\accessors-smart-2.4.7.jar;C:\Users\T970755\.m2\repository\org\ow2\asm\asm\9.1\asm-9.1.jar;C:\Users\T970755\.m2\repository\info\cukes\cucumber-java\1.2.5\cucumber-java-1.2.5.jar;C:\Users\T970755\.m2\repository\info\cukes\cucumber-core\1.2.5\cucumber-core-1.2.5.jar;C:\Users\T970755\.m2\repository\org\yaml\snakeyaml\1.29\snakeyaml-1.29.jar;C:\Users\T970755\.m2\repository\de\siegmar\fastcsv\2.0.0\fastcsv-2.0.0.jar;C:\Users\T970755\.m2\repository\info\picocli\picocli\4.6.1\picocli-4.6.1.jar;C:\Users\T970755\.m2\repository\org\junit\jupiter\junit-jupiter-api\5.7.2\junit-jupiter-api-5.7.2.jar;C:\Users\T970755\.m2\repository\org\apiguardian\apiguardian-api\1.1.0\apiguardian-api-1.1.0.jar;C:\Users\T970755\.m2\repository\org\opentest4j\opentest4j\1.2.0\opentest4j-1.2.0.jar;C:\Users\T970755\.m2\repository\org\junit\platform\junit-platform-commons\1.7.2\junit-platform-commons-1.7.2.jar;C:\Users\T970755\.m2\repository\org\junit\jupiter\junit-jupiter-engine\5.7.2\junit-jupiter-engine-5.7.2.jar;C:\Users\T970755\.m2\repository\org\junit\platform\junit-platform-engine\1.7.2\junit-platform-engine-1.7.2.jar;C:\Users\T970755\.m2\repository\io\rest-assured\rest-assured\5.3.0\rest-assured-5.3.0.jar;C:\Users\T970755\.m2\repository\org\apache\groovy\groovy\4.0.6\groovy-4.0.6.jar;C:\Users\T970755\.m2\repository\org\apache\groovy\groovy-xml\4.0.6\groovy-xml-4.0.6.jar;C:\Users\T970755\.m2\repository\org\apache\httpcomponents\httpclient\4.5.13\httpclient-4.5.13.jar;C:\Users\T970755\.m2\repository\org\apache\httpcomponents\httpcore\4.4.13\httpcore-4.4.13.jar;C:\Users\T970755\.m2\repository\commons-logging\commons-logging\1.2\commons-logging-1.2.jar;C:\Users\T970755\.m2\repository\commons-codec\commons-codec\1.11\commons-codec-1.11.jar;C:\Users\T970755\.m2\repository\org\apache\httpcomponents\httpmime\4.5.13\httpmime-4.5.13.jar;C:\Users\T970755\.m2\repository\org\ccil\cowan\tagsoup\tagsoup\1.2.1\tagsoup-1.2.1.jar;C:\Users\T970755\.m2\repository\io\rest-assured\json-path\5.3.0\json-path-5.3.0.jar;C:\Users\T970755\.m2\repository\org\apache\groovy\groovy-json\4.0.6\groovy-json-4.0.6.jar;C:\Users\T970755\.m2\repository\io\rest-assured\rest-assured-common\5.3.0\rest-assured-common-5.3.0.jar;C:\Users\T970755\.m2\repository\io\rest-assured\xml-path\5.3.0\xml-path-5.3.0.jar;C:\Users\T970755\.m2\repository\org\hamcrest\hamcrest\2.2\hamcrest-2.2.jar;C:\Users\T970755\.m2\repository\com\intuit\karate\karate-gatling\1.1.0\karate-gatling-1.1.0.jar;C:\Users\T970755\.m2\repository\io\gatling\highcharts\gatling-charts-highcharts\3.6.0\gatling-charts-highcharts-3.6.0.jar;C:\Users\T970755\.m2\repository\org\scala-lang\scala-library\2.13.6\scala-library-2.13.6.jar;C:\Users\T970755\.m2\repository\io\gatling\gatling-app\3.6.0\gatling-app-3.6.0.jar;C:\Users\T970755\.m2\repository\io\gatling\gatling-core\3.6.0\gatling-core-3.6.0.jar;C:\Users\T970755\.m2\repository\io\gatling\gatling-commons\3.6.0\gatling-commons-3.6.0.jar;C:\Users\T970755\.m2\repository\io\gatling\gatling-commons-shared\3.6.0\gatling-commons-shared-3.6.0.jar;C:\Users\T970755\.m2\repository\org\scala-lang\scala-reflect\2.13.6\scala-reflect-2.13.6.jar;C:\Users\T970755\.m2\repository\io\suzaku\boopickle_2.13\1.3.3\boopickle_2.13-1.3.3.jar;C:\Users\T970755\.m2\repository\io\gatling\gatling-commons-shared-unstable\3.6.0\gatling-commons-shared-unstable-3.6.0.jar;C:\Users\T970755\.m2\repository\org\typelevel\spire-macros_2.13\0.17.0\spire-macros_2.13-0.17.0.jar;C:\Users\T970755\.m2\repository\com\typesafe\scala-logging\scala-logging_2.13\3.9.3\scala-logging_2.13-3.9.3.jar;C:\Users\T970755\.m2\repository\io\gatling\gatling-jsonpath\3.6.0\gatling-jsonpath-3.6.0.jar;C:\Users\T970755\.m2\repository\com\typesafe\akka\akka-slf4j_2.13\2.6.14\akka-slf4j_2.13-2.6.14.jar;C:\Users\T970755\.m2\repository\org\simpleflatmapper\lightning-csv\8.2.3\lightning-csv-8.2.3.jar;C:\Users\T970755\.m2\repository\org\simpleflatmapper\sfm-util\8.2.3\sfm-util-8.2.3.jar;C:\Users\T970755\.m2\repository\com\github\ben-manes\caffeine\caffeine\2.9.1\caffeine-2.9.1.jar;C:\Users\T970755\.m2\repository\io\pebbletemplates\pebble\3.1.5\pebble-3.1.5.jar;C:\Users\T970755\.m2\repository\org\unbescape\unbescape\1.1.6.RELEASE\unbescape-1.1.6.RELEASE.jar;C:\Users\T970755\.m2\repository\org\scala-lang\modules\scala-parser-combinators_2.13\2.0.0\scala-parser-combinators_2.13-2.0.0.jar;C:\Users\T970755\.m2\repository\com\github\scopt\scopt_2.13\3.7.1\scopt_2.13-3.7.1.jar;C:\Users\T970755\.m2\repository\io\netty\netty-handler\4.1.64.Final\netty-handler-4.1.64.Final.jar;C:\Users\T970755\.m2\repository\io\netty\netty-common\4.1.64.Final\netty-common-4.1.64.Final.jar;C:\Users\T970755\.m2\repository\io\netty\netty-resolver\4.1.64.Final\netty-resolver-4.1.64.Final.jar;C:\Users\T970755\.m2\repository\io\netty\netty-buffer\4.1.64.Final\netty-buffer-4.1.64.Final.jar;C:\Users\T970755\.m2\repository\io\netty\netty-transport\4.1.64.Final\netty-transport-4.1.64.Final.jar;C:\Users\T970755\.m2\repository\io\netty\netty-codec\4.1.64.Final\netty-codec-4.1.64.Final.jar;C:\Users\T970755\.m2\repository\com\softwaremill\quicklens\quicklens_2.13\1.7.2\quicklens_2.13-1.7.2.jar;C:\Users\T970755\.m2\repository\net\sf\saxon\Saxon-HE\10.5\Saxon-HE-10.5.jar;C:\Users\T970755\.m2\repository\org\jodd\jodd-lagarto\6.0.5\jodd-lagarto-6.0.5.jar;C:\Users\T970755\.m2\repository\org\jodd\jodd-util\6.0.1\jodd-util-6.0.1.jar;C:\Users\T970755\.m2\repository\io\burt\jmespath-jackson\0.5.0\jmespath-jackson-0.5.0.jar;C:\Users\T970755\.m2\repository\io\burt\jmespath-core\0.5.0\jmespath-core-0.5.0.jar;C:\Users\T970755\.m2\repository\io\gatling\gatling-http\3.6.0\gatling-http-3.6.0.jar;C:\Users\T970755\.m2\repository\io\gatling\gatling-http-client\3.6.0\gatling-http-client-3.6.0.jar;C:\Users\T970755\.m2\repository\io\gatling\gatling-netty-util\3.6.0\gatling-netty-util-3.6.0.jar;C:\Users\T970755\.m2\repository\io\netty\netty-handler-proxy\4.1.64.Final\netty-handler-proxy-4.1.64.Final.jar;C:\Users\T970755\.m2\repository\io\netty\netty-codec-socks\4.1.64.Final\netty-codec-socks-4.1.64.Final.jar;C:\Users\T970755\.m2\repository\io\netty\netty-resolver-dns\4.1.64.Final\netty-resolver-dns-4.1.64.Final.jar;C:\Users\T970755\.m2\repository\io\netty\netty-codec-dns\4.1.64.Final\netty-codec-dns-4.1.64.Final.jar;C:\Users\T970755\.m2\repository\io\netty\netty-transport-native-epoll\4.1.64.Final\netty-transport-native-epoll-4.1.64.Final-linux-x86_64.jar;C:\Users\T970755\.m2\repository\io\netty\netty-transport-native-unix-common\4.1.64.Final\netty-transport-native-unix-common-4.1.64.Final.jar;C:\Users\T970755\.m2\repository\io\netty\netty-codec-http2\4.1.64.Final\netty-codec-http2-4.1.64.Final.jar;C:\Users\T970755\.m2\repository\io\netty\netty-tcnative-boringssl-static\2.0.39.Final\netty-tcnative-boringssl-static-2.0.39.Final.jar;C:\Users\T970755\.m2\repository\com\aayushatharva\brotli4j\brotli4j\1.4.2\brotli4j-1.4.2.jar;C:\Users\T970755\.m2\repository\com\aayushatharva\brotli4j\native-linux-x86_64\1.4.2\native-linux-x86_64-1.4.2.jar;C:\Users\T970755\.m2\repository\com\aayushatharva\brotli4j\native-linux-aarch64\1.4.2\native-linux-aarch64-1.4.2.jar;C:\Users\T970755\.m2\repository\com\aayushatharva\brotli4j\native-osx-x86_64\1.4.2\native-osx-x86_64-1.4.2.jar;C:\Users\T970755\.m2\repository\com\aayushatharva\brotli4j\native-windows-x86_64\1.4.2\native-windows-x86_64-1.4.2.jar;C:\Users\T970755\.m2\repository\io\gatling\gatling-jms\3.6.0\gatling-jms-3.6.0.jar;C:\Users\T970755\.m2\repository\javax\jms\javax.jms-api\2.0.1\javax.jms-api-2.0.1.jar;C:\Users\T970755\.m2\repository\com\eatthepath\fast-uuid\0.1\fast-uuid-0.1.jar;C:\Users\T970755\.m2\repository\io\gatling\gatling-jdbc\3.6.0\gatling-jdbc-3.6.0.jar;C:\Users\T970755\.m2\repository\io\gatling\gatling-redis\3.6.0\gatling-redis-3.6.0.jar;C:\Users\T970755\.m2\repository\net\debasishg\redisclient_2.13\3.30\redisclient_2.13-3.30.jar;C:\Users\T970755\.m2\repository\org\apache\commons\commons-pool2\2.8.0\commons-pool2-2.8.0.jar;C:\Users\T970755\.m2\repository\io\gatling\gatling-graphite\3.6.0\gatling-graphite-3.6.0.jar;C:\Users\T970755\.m2\repository\org\hdrhistogram\HdrHistogram\2.1.12\HdrHistogram-2.1.12.jar;C:\Users\T970755\.m2\repository\io\gatling\gatling-charts\3.6.0\gatling-charts-3.6.0.jar;C:\Users\T970755\.m2\repository\com\tdunning\t-digest\3.1\t-digest-3.1.jar;C:\Users\T970755\.m2\repository\io\gatling\gatling-recorder\3.6.0\gatling-recorder-3.6.0.jar;C:\Users\T970755\.m2\repository\org\scala-lang\modules\scala-swing_2.13\3.0.0\scala-swing_2.13-3.0.0.jar;C:\Users\T970755\.m2\repository\org\bouncycastle\bcpkix-jdk15on\1.68\bcpkix-jdk15on-1.68.jar;C:\Users\T970755\.m2\repository\org\bouncycastle\bcprov-jdk15on\1.68\bcprov-jdk15on-1.68.jar;C:\Users\T970755\.m2\repository\com\typesafe\akka\akka-actor_2.13\2.6.14\akka-actor_2.13-2.6.14.jar;C:\Users\T970755\.m2\repository\com\typesafe\config\1.4.0\config-1.4.0.jar;C:\Users\T970755\.m2\repository\org\scala-lang\modules\scala-java8-compat_2.13\0.9.0\scala-java8-compat_2.13-0.9.0.jar;C:\Users\T970755\.m2\repository\com\googlecode\json-simple\json-simple\1.1.1\json-simple-1.1.1.jar;C:\Users\T970755\.m2\repository\junit\junit\4.10\junit-4.10.jar;C:\Users\T970755\.m2\repository\org\hamcrest\hamcrest-core\1.1\hamcrest-core-1.1.jar;C:\Users\T970755\.m2\repository\net\masterthought\cucumber-reporting\5.6.0\cucumber-reporting-5.6.0.jar;C:\Users\T970755\.m2\repository\com\fasterxml\jackson\core\jackson-databind\2.12.1\jackson-databind-2.12.1.jar;C:\Users\T970755\.m2\repository\com\fasterxml\jackson\core\jackson-annotations\2.12.1\jackson-annotations-2.12.1.jar;C:\Users\T970755\.m2\repository\com\fasterxml\jackson\core\jackson-core\2.12.1\jackson-core-2.12.1.jar;C:\Users\T970755\.m2\repository\com\fasterxml\jackson\datatype\jackson-datatype-jsr310\2.12.1\jackson-datatype-jsr310-2.12.1.jar;C:\Users\T970755\.m2\repository\org\apache\velocity\velocity-engine-core\2.3\velocity-engine-core-2.3.jar;C:\Users\T970755\.m2\repository\org\slf4j\slf4j-api\1.7.30\slf4j-api-1.7.30.jar;C:\Users\T970755\.m2\repository\commons-collections\commons-collections\3.2.2\commons-collections-3.2.2.jar;C:\Users\T970755\.m2\repository\joda-time\joda-time\2.10.10\joda-time-2.10.10.jar;C:\Users\T970755\.m2\repository\org\apache\commons\commons-lang3\3.12.0\commons-lang3-3.12.0.jar;C:\Users\T970755\.m2\repository\commons-io\commons-io\2.7\commons-io-2.7.jar;C:\Users\T970755\.m2\repository\org\codehaus\plexus\plexus-utils\3.3.0\plexus-utils-3.3.0.jar;C:\Users\T970755\.m2\repository\org\jsoup\jsoup\1.14.2\jsoup-1.14.2.jar;C:\Users\T970755\.m2\repository\com\google\guava\guava\30.1.1-jre\guava-30.1.1-jre.jar;C:\Users\T970755\.m2\repository\com\google\guava\failureaccess\1.0.1\failureaccess-1.0.1.jar;C:\Users\T970755\.m2\repository\com\google\guava\listenablefuture\9999.0-empty-to-avoid-conflict-with-guava\listenablefuture-9999.0-empty-to-avoid-conflict-with-guava.jar;C:\Users\T970755\.m2\repository\com\google\code\findbugs\jsr305\3.0.2\jsr305-3.0.2.jar;C:\Users\T970755\.m2\repository\org\checkerframework\checker-qual\3.8.0\checker-qual-3.8.0.jar;C:\Users\T970755\.m2\repository\com\google\errorprone\error_prone_annotations\2.5.1\error_prone_annotations-2.5.1.jar;C:\Users\T970755\.m2\repository\com\google\j2objc\j2objc-annotations\1.3\j2objc-annotations-1.3.jar;C:\Users\T970755\.m2\repository\com\googlecode\owasp-java-html-sanitizer\owasp-java-html-sanitizer\20200713.1\owasp-java-html-sanitizer-20200713.1.jar;C:\Users\T970755\.m2\repository\commons-configuration\commons-configuration\1.10\commons-configuration-1.10.jar;C:\Users\T970755\.m2\repository\commons-lang\commons-lang\2.6\commons-lang-2.6.jar;"/>
    <property name="sun.cpu.endian" value="little"/>
    <property name="user.home" value="C:\Users\T970755"/>
    <property name="user.language" value="en"/>
    <property name="java.specification.vendor" value="Oracle Corporation"/>
    <property name="java.version.date" value="2023-07-18"/>
    <property name="java.home" value="C:\Program Files\Java\jdk-11"/>
    <property name="file.separator" value="\"/>
    <property name="basedir" value="C:\Users\T970755\Documents\ExperienceAPITestODS\ExperienceAPITest"/>
    <property name="java.vm.compressedOopsMode" value="Zero based"/>
    <property name="line.separator" value="&#10;"/>
    <property name="java.specification.name" value="Java Platform API Specification"/>
    <property name="java.vm.specification.vendor" value="Oracle Corporation"/>
    <property name="java.awt.graphicsenv" value="sun.awt.Win32GraphicsEnvironment"/>
    <property name="surefire.real.class.path" value="C:\Users\T970755\AppData\Local\Temp\surefire2111242312027272409\surefirebooter15033237235118517237.jar"/>
    <property name="user.script" value=""/>
    <property name="sun.management.compiler" value="HotSpot 64-Bit Tiered Compilers"/>
    <property name="java.runtime.version" value="11.0.20+9-LTS-256"/>
    <property name="user.name" value="T970755"/>
    <property name="path.separator" value=";"/>
    <property name="os.version" value="10.0"/>
    <property name="java.runtime.name" value="Java(TM) SE Runtime Environment"/>
    <property name="file.encoding" value="Cp1252"/>
    <property name="java.vm.name" value="Java HotSpot(TM) 64-Bit Server VM"/>
    <property name="java.vendor.version" value="18.9"/>
    <property name="localRepository" value="C:\Users\T970755\.m2\repository"/>
    <property name="java.vendor.url.bug" value="https://bugreport.java.com/bugreport/"/>
    <property name="java.io.tmpdir" value="C:\Users\T970755\AppData\Local\Temp\"/>
    <property name="clientId" value="52e80bfa-b42c-47d7-98b5-8bb87c926209"/>
    <property name="java.version" value="11.0.20"/>
    <property name="user.dir" value="C:\Users\T970755\Documents\ExperienceAPITestODS\ExperienceAPITest"/>
    <property name="os.arch" value="amd64"/>
    <property name="java.vm.specification.name" value="Java Virtual Machine Specification"/>
    <property name="java.awt.printerjob" value="sun.awt.windows.WPrinterJob"/>
    <property name="sun.os.patch.level" value=""/>
    <property name="java.library.path" value="C:\Program Files\Java\jdk-11\bin;C:\WINDOWS\Sun\Java\bin;C:\WINDOWS\system32;C:\WINDOWS;C:\Program Files\Java\jdk-11\bin;c:\oracle\product\11.2.0\client_2\bin;C:\WINDOWS\system32;C:\WINDOWS;C:\WINDOWS\System32\Wbem;C:\WINDOWS\System32\WindowsPowerShell\v1.0\;C:\WINDOWS\System32\OpenSSH\;C:\Program Files (x86)\Microsoft SQL Server\150\DTS\Binn\;C:\Program Files\Azure Data Studio\bin;C:\Program Files (x86)\Common Files\Hitachi ID\;C:\Program Files\Common Files\Hitachi ID\;C:\Program Files\dotnet\;C:\Program Files (x86)\dotnet\;C:\Users\T970755\AppData\Local\Microsoft\WindowsApps;C:\Users\T970755\AppData\Local\Programs\Git\cmd;C:\Program Files\Java\jdk-11.0.10\bin;C:\Program Files\OpenLogic\jdk-11.0.21.9-hotspot\bin;C:\Program Files\apache-maven-3.9.6\bin;C:\Users\T970755\AppData\Local\Google\Cloud SDK\google-cloud-sdk\bin;C:\Users\T970755\AppData\Local\GitHubDesktop\bin;."/>
    <property name="java.vendor" value="Oracle Corporation"/>
    <property name="java.vm.info" value="mixed mode"/>
    <property name="java.vm.version" value="11.0.20+9-LTS-256"/>
    <property name="java.specification.maintenance.version" value="2"/>
    <property name="sun.io.unicode.encoding" value="UnicodeLittle"/>
    <property name="java.class.version" value="55.0"/>
    <property name="argLine" value="-DclientId=52e80bfa-b42c-47d7-98b5-8bb87c926209 -DclientSecret=3ad8873a-4723-46ba-9989-afaec288f5d104c2d7ff-9d6b-48c1-a9ff-6502d4808fee -Dkarate.env=it01"/>
  </properties>
  <testcase name="testParallel" classname="feature.TestRunner" time="26.24"/>
</testsuite>